<?xml version="1.0" encoding="UTF-8"?>
<!-- Generated by org.testng.reporters.JUnitReportReporter -->
<testsuite hostname="SHAA" failures="0" tests="1" name="selenium.Javaselenium.AppTest" time="0.005" errors="0" timestamp="2021-04-11T02:42:23 IST" skipped="0">
  <testcase classname="selenium.Javaselenium.AppTest" name="shouldAnswerWithTrue" time="0.005"/>
  <system-out/>
</testsuite> <!-- selenium.Javaselenium.AppTest -->
